[16:17:45.566][info] [#0:C:/Users/larry/AppData/Local/nvim/lsp/RobloxLsp/server/main.lua:54]: Lua Lsp startup, root: 	C:/Users/larry/AppData/Local/nvim/lsp/RobloxLsp/server
[16:17:45.566][debug][#0:C:/Users/larry/AppData/Local/nvim/lsp/RobloxLsp/server/main.lua:55]: ROOT:	C:/Users/larry/AppData/Local/nvim/lsp/RobloxLsp/server
[16:17:45.566][debug][#0:C:/Users/larry/AppData/Local/nvim/lsp/RobloxLsp/server/main.lua:56]: LOGPATH:	C:/Users/larry/AppData/Local/nvim/lsp/RobloxLsp/server/log
[16:17:45.566][debug][#0:C:/Users/larry/AppData/Local/nvim/lsp/RobloxLsp/server/main.lua:57]: METAPATH:	C:/Users/larry/AppData/Local/nvim/lsp/RobloxLsp/server/meta
[16:17:45.597][info] [#0:script\pub\pub.lua:48]: Create brave:	1
[16:17:45.597][info] [#0:script\pub\pub.lua:48]: Create brave:	2
[16:17:45.597][info] [#0:script\pub\pub.lua:48]: Create brave:	3
[16:17:45.597][info] [#0:script\pub\pub.lua:48]: Create brave:	4
[16:17:45.597][debug][#0:script\service\service.lua:136]: 
========= Medical Examination Report =========
    --------------- Memory ---------------
        Total: 1.872 MB
        # 00 : 1.872 MB
        # 01 : 0.000 MB
        # 02 : 0.000 MB
        # 03 : 0.000 MB
        # 04 : 0.000 MB
    --------------- Coroutine ---------------
        Total:     0
        Running:   0
        Suspended: 0
        Normal:    0
        Dead:      0
    --------------- Cache ---------------
        Total: 1
        Dead:  0
    --------------- Proto ---------------
        Holdon:   0
        Waiting:  0
==============================================
[16:17:45.613][debug][#0:script\provider\client.lua:73]: Client init	{
    capabilities = {
        callHierarchy = {
            dynamicRegistration = false,
        },
        textDocument = {
            codeAction = {
                codeActionLiteralSupport = {
                    codeActionKind = {
                        valueSet = {
                            [01] = "",
                            [02] = "Empty",
                            [03] = "QuickFix",
                            [04] = "Refactor",
                            [05] = "RefactorExtract",
                            [06] = "RefactorInline",
                            [07] = "RefactorRewrite",
                            [08] = "Source",
                            [09] = "SourceOrganizeImports",
                            [10] = "quickfix",
                            [11] = "refactor",
                            [12] = "refactor.extract",
                            [13] = "refactor.inline",
                            [14] = "refactor.rewrite",
                            [15] = "source",
                            [16] = "source.organizeImports",
                        },
                    },
                },
                dataSupport = true,
                dynamicRegistration = false,
                isPreferredSupport = true,
                resolveSupport = {
                    properties = {
                        [1] = "edit",
                    },
                },
            },
            completion = {
                completionItem = {
                    commitCharactersSupport = true,
                    deprecatedSupport = true,
                    documentationFormat = {
                        [1] = "markdown",
                        [2] = "plaintext",
                    },
                    insertReplaceSupport = true,
                    insertTextModeSupport = {
                        valueSet = {
                            [1] = 1,
                            [2] = 2,
                        },
                    },
                    labelDetailsSupport = true,
                    preselectSupport = true,
                    resolveSupport = {
                        properties = {
                            [1] = "documentation",
                            [2] = "detail",
                            [3] = "additionalTextEdits",
                        },
                    },
                    snippetSupport = true,
                    tagSupport = {
                        valueSet = {
                            [1] = 1,
                        },
                    },
                },
                completionItemKind = {
                    valueSet = {
                        [01] = 1,
                        [02] = 2,
                        [03] = 3,
                        [04] = 4,
                        [05] = 5,
                        [06] = 6,
                        [07] = 7,
                        [08] = 8,
                        [09] = 9,
                        [10] = 10,
                        [11] = 11,
                        [12] = 12,
                        [13] = 13,
                        [14] = 14,
                        [15] = 15,
                        [16] = 16,
                        [17] = 17,
                        [18] = 18,
                        [19] = 19,
                        [20] = 20,
                        [21] = 21,
                        [22] = 22,
                        [23] = 23,
                        [24] = 24,
                        [25] = 25,
                    },
                },
                completionList = {
                    itemDefaults = {
                        [1] = "commitCharacters",
                        [2] = "editRange",
                        [3] = "insertTextFormat",
                        [4] = "insertTextMode",
                        [5] = "data",
                    },
                },
                contextSupport = true,
                dynamicRegistration = false,
                insertTextMode = 1,
            },
            declaration = {
                linkSupport = true,
            },
            definition = {
                linkSupport = true,
            },
            documentHighlight = {
                dynamicRegistration = false,
            },
            documentSymbol = {
                dynamicRegistration = false,
                hierarchicalDocumentSymbolSupport = true,
                symbolKind = {
                    valueSet = {
                        [01] = 1,
                        [02] = 2,
                        [03] = 3,
                        [04] = 4,
                        [05] = 5,
                        [06] = 6,
                        [07] = 7,
                        [08] = 8,
                        [09] = 9,
                        [10] = 10,
                        [11] = 11,
                        [12] = 12,
                        [13] = 13,
                        [14] = 14,
                        [15] = 15,
                        [16] = 16,
                        [17] = 17,
                        [18] = 18,
                        [19] = 19,
                        [20] = 20,
                        [21] = 21,
                        [22] = 22,
                        [23] = 23,
                        [24] = 24,
                        [25] = 25,
                        [26] = 26,
                    },
                },
            },
            hover = {
                contentFormat = {
                    [1] = "markdown",
                    [2] = "plaintext",
                },
                dynamicRegistration = false,
            },
            implementation = {
                linkSupport = true,
            },
            publishDiagnostics = {
                relatedInformation = true,
                tagSupport = {
                    valueSet = {
                        [1] = 1,
                        [2] = 2,
                    },
                },
            },
            references = {
                dynamicRegistration = false,
            },
            rename = {
                dynamicRegistration = false,
                prepareSupport = true,
            },
            signatureHelp = {
                dynamicRegistration = false,
                signatureInformation = {
                    activeParameterSupport = true,
                    documentationFormat = {
                        [1] = "markdown",
                        [2] = "plaintext",
                    },
                    parameterInformation = {
                        labelOffsetSupport = true,
                    },
                },
            },
            synchronization = {
                didSave = true,
                dynamicRegistration = false,
                willSave = false,
                willSaveWaitUntil = false,
            },
            typeDefinition = {
                linkSupport = true,
            },
        },
        window = {
            showDocument = {
                support = false,
            },
            showMessage = {
                messageActionItem = {
                    additionalPropertiesSupport = false,
                },
            },
            workDoneProgress = true,
        },
        workspace = {
            applyEdit = true,
            configuration = true,
            symbol = {
                dynamicRegistration = false,
                hierarchicalWorkspaceSymbolSupport = true,
                symbolKind = {
                    valueSet = {
                        [01] = 1,
                        [02] = 2,
                        [03] = 3,
                        [04] = 4,
                        [05] = 5,
                        [06] = 6,
                        [07] = 7,
                        [08] = 8,
                        [09] = 9,
                        [10] = 10,
                        [11] = 11,
                        [12] = 12,
                        [13] = 13,
                        [14] = 14,
                        [15] = 15,
                        [16] = 16,
                        [17] = 17,
                        [18] = 18,
                        [19] = 19,
                        [20] = 20,
                        [21] = 21,
                        [22] = 22,
                        [23] = 23,
                        [24] = 24,
                        [25] = 25,
                        [26] = 26,
                    },
                },
            },
            workspaceEdit = {
                resourceOperations = {
                    [1] = "rename",
                    [2] = "create",
                    [3] = "delete",
                },
            },
            workspaceFolders = true,
        },
    },
    clientInfo = {
        name = "Neovim",
        version = "0.8.2",
    },
    initializationOptions = {
    },
    processId = 4772,
    rootPath = "C:\\Users\\larry\\AppData\\Local\\nvim",
    rootUri = "file:///C:/Users/larry/AppData/Local/nvim",
    trace = "off",
    workspaceFolders = {
        [1] = {
            name = "C:/Users/larry/AppData/Local/nvim",
            uri = "file:///C:/Users/larry/AppData/Local/nvim",
        },
    },
}
[16:17:45.613][info] [#0:script\language.lua:135]: VSC language: nil
[16:17:45.613][info] [#0:script\language.lua:136]: LS  language: en-us
[16:17:45.613][info] [#0:script\workspace\workspace.lua:32]: Workspace inited: 	file:///C:/Users/larry/AppData/Local/nvim
[16:17:45.613][info] [#0:script\workspace\workspace.lua:39]: Log path: 	C:/Users/larry/AppData/Local/nvim/lsp/RobloxLsp/server/log/file_C_Users_larry_AppData_Local_nvim.log
